name:c089ecc265251c39b390b7d990635a61 info:&{Id:Noto Sans Old Italic Name:Noto Sans Old Italic Styles:[Regular] Monospace:false Show:false}
name:adcae95c05a1857e5138315d54344e86 info:&{Id:Noto Sans Vai Name:Noto Sans Vai Styles:[Regular] Monospace:false Show:false}
name:23ff4426fef7db7964541e4395ada65d info:&{Id:Noto Serif Hebrew Name:Noto Serif Hebrew Styles:[Regular] Monospace:false Show:false}
name:6b0c0f28727f3ac164426255d87eeea6 info:&{Id:CESI_FS_GB18030 Name:CESI仿宋-GB18030 Styles:[Regular] Monospace:false Show:true}
name:f4614e971850e218b7d185565e674d31 info:&{Id:Noto Sans Batak Name:Noto Sans Batak Styles:[Regular] Monospace:false Show:false}
name:4ce51a9355e1ecccafe389dc9a2f90c8 info:&{Id:Noto Sans Syriac Eastern Name:Noto Sans Syriac Eastern Styles:[Regular] Monospace:false Show:false}
name:fde25da58efb05d135f2077713c0bd4f info:&{Id:Noto Sans CJK SC Name:Noto Sans CJK SC Styles:[Bold Regular] Monospace:false Show:true}
name:0d25354614e0a2175df11c2211254d58 info:&{Id:Source Han Sans TC Name:Source Han Sans TC Styles:[Regular] Monospace:false Show:true}
name:91d6dd09335ab7ba075619e43d4ef7df info:&{Id:Noto Sans Rejang Name:Noto Sans Rejang Styles:[Regular] Monospace:false Show:false}
name:bd761c821c2ec4c63f6b71f122f20b8e info:&{Id:Noto Sans Symbols2 Name:Noto Sans Symbols2 Styles:[Regular] Monospace:false Show:false}
name:1b4491eec4beed4370d3dbf70317337f info:&{Id:CESI_HT_GB18030 Name:CESI黑体-GB18030 Styles:[Regular] Monospace:false Show:true}
name:07145800cd3998014cc70e128786721d info:&{Id:Noto Sans Shavian Name:Noto Sans Shavian Styles:[Regular] Monospace:false Show:false}
name:2f3dc82ffcfe3f09912afdebf105042a info:&{Id:Noto Sans Tagbanwa Name:Noto Sans Tagbanwa Styles:[Regular] Monospace:false Show:false}
name:d264b1a5b0b844ad286a40f910c8480f info:&{Id:CESI_KT_GB18030 Name:CESI楷体-GB18030 Styles:[Regular] Monospace:false Show:true}
name:001871d8ed50d7b9d6e0b5b006afd506 info:&{Id:Source Han Sans HW HC Name:思源黑體 香港 HW Styles:[Regular] Monospace:false Show:true}
name:d5b240afb0c2e16592a0272c5c1b3f17 info:&{Id:Source Han Serif K Name:Source Han Serif K Styles:[Bold] Monospace:false Show:true}
name:84fdcf13bbf3ddca5e3939938d7ce4ab info:&{Id:FZHei-B01 Name:方正黑体_GBK Styles:[Regular] Monospace:false Show:true}
name:969f59c7f8cb5a9d61ff2861b7a25473 info:&{Id:Source Serif 4 Caption Name:Source Serif 4 Caption Styles:[Regular] Monospace:false Show:false}
name:3c24ab971e974c8f374b528c1dd54e33 info:&{Id:Noto Sans Oriya Name:Noto Sans Oriya Styles:[Bold] Monospace:false Show:false}
name:1cf5ff1c0c8cb32601933e41e0facb99 info:&{Id:Noto Sans Linear A Name:Noto Sans Linear A Styles:[Regular] Monospace:false Show:false}
name:d7fec6c5901654cd28dd730c7a56cd65 info:&{Id:Noto Serif Name:Noto Serif Styles:[Bold] Monospace:false Show:false}
name:22a0893a9fb4dba8bddb0555d021b901 info:&{Id:Noto Sans Elbasan Name:Noto Sans Elbasan Styles:[Regular] Monospace:false Show:false}
name:4627e627ea53a915ba19008a71cc2713 info:&{Id:CESI_HT_GB2312 Name:CESI黑体-GB2312 Styles:[Regular] Monospace:false Show:true}
name:e66fba1a35a3cce8233275f0d78ac1b7 info:&{Id:Noto Sans Bamum Name:Noto Sans Bamum Styles:[Regular] Monospace:false Show:false}
name:091a2f51ae8691e1c24689b9818b1a0f info:&{Id:Noto Sans Chakma Name:Noto Sans Chakma Styles:[Regular] Monospace:false Show:false}
name:e8b2090c753231acce6c247febe817b3 info:&{Id:Noto Sans Math Name:Noto Sans Math Styles:[Regular] Monospace:false Show:false}
name:df2adc93fe772254578e18165fa45bb4 info:&{Id:Noto Sans Khojki Name:Noto Sans Khojki Styles:[Regular] Monospace:false Show:false}
name:e4eaacb0a0eaaf0d7d03771766c1f4ba info:&{Id:Noto Sans Cham Name:Noto Sans Cham Styles:[Bold] Monospace:false Show:false}
name:9a1a702f690bb932af306fad1415d13a info:&{Id:Noto Serif Gurmukhi Name:Noto Serif Gurmukhi Styles:[Bold] Monospace:false Show:false}
name:87a9ab533df4c0f4485b90ba7320800a info:&{Id:Noto Sans Old Hungarian Name:Noto Sans Old Hungarian Styles:[Regular] Monospace:false Show:false}
name:5b19f7d5ea92924653394e9214cee5be info:&{Id:Noto Sans Syloti Nagri Name:Noto Sans Syloti Nagri Styles:[Regular] Monospace:false Show:false}
name:a6e18a072501f16c8c6b6fbf61286e9d info:&{Id:Noto Serif Armenian Name:Noto Serif Armenian Styles:[Regular] Monospace:false Show:false}
name:be9c5da2989379490f9cdb7f2dd5e86d info:&{Id:Noto Sans Thaana Name:Noto Sans Thaana Styles:[Bold] Monospace:false Show:false}
name:650a9244e22bb0ceb4ae64db9775ed18 info:&{Id:DejaVu Sans Name:DejaVu Sans Styles:[Bold] Monospace:false Show:false}
name:df9caf3ce98aa891ef3e81e21e3d2e37 info:&{Id:Noto Sans Javanese Name:Noto Sans Javanese Styles:[Regular] Monospace:false Show:false}
name:a6441e8f8d8e599617b71cb28f09cd31 info:&{Id:Noto Sans Deseret Name:Noto Sans Deseret Styles:[Regular] Monospace:false Show:false}
name:6c3623f9a29eac0d222101c5f2440433 info:&{Id:Noto Sans Khmer Name:Noto Sans Khmer Styles:[Regular] Monospace:false Show:false}
name:7903ca8206bdd9768e01da45512d3db7 info:&{Id:Source Han Sans HW TC Name:Source Han Sans HW TC Styles:[Bold] Monospace:false Show:true}
name:6e2deadcd5b3dd4ade72ea01068f9861 info:&{Id:Unifont Name:Unifont Styles:[Medium] Monospace:false Show:true}
name:ec99b7cb1de244818337530236fa0283 info:&{Id:Noto Naskh Arabic Name:Noto Naskh Arabic Styles:[Bold] Monospace:false Show:false}
name:c517997d9ea67ac338ea260bbcca9e89 info:&{Id:Lohit Devanagari Name:Lohit Devanagari Styles:[Regular] Monospace:false Show:false}
name:f528dc1797a260bd64f00bc870196912 info:&{Id:Noto Serif CJK JP Name:Noto Serif CJK JP Styles:[Bold] Monospace:false Show:true}
name:b75de7fb220ed7cfe9b47e075bb07f45 info:&{Id:Noto Sans Sharada Name:Noto Sans Sharada Styles:[Regular] Monospace:false Show:false}
name:73e2d5d02fdf31cb1b4435b8b5cb1ecc info:&{Id:Noto Sans Runic Name:Noto Sans Runic Styles:[Regular] Monospace:false Show:false}
name:8d7ef03ad1f922494e5d1b1185b03b09 info:&{Id:Noto Serif CJK SC Name:Noto Serif CJK SC Styles:[Bold] Monospace:false Show:true}
name:1ba8748579cb4a9f7f7c02d540b115dc info:&{Id:Noto Sans Kharoshthi Name:Noto Sans Kharoshthi Styles:[Regular] Monospace:false Show:false}
name:f74024865e596c40c097f624e00147b1 info:&{Id:Noto Sans Syriac Western Name:Noto Sans Syriac Western Styles:[Regular] Monospace:false Show:false}
name:773876210d80a11f8abd0fbfa1353585 info:&{Id:Noto Sans Bassa Vah Name:Noto Sans Bassa Vah Styles:[Regular] Monospace:false Show:false}
name:1fa6ba8dd214769d828d1b259e5bac5c info:&{Id:Noto Sans Lydian Name:Noto Sans Lydian Styles:[Regular] Monospace:false Show:false}
name:e599dc482a3b754860dc6009c55aa972 info:&{Id:Noto Sans Pau Cin Hau Name:Noto Sans Pau Cin Hau Styles:[Regular] Monospace:false Show:false}
name:b33d3e9d68fc6b4d7d51c70792ad17d5 info:&{Id:Noto Serif Malayalam Name:Noto Serif Malayalam Styles:[Bold] Monospace:false Show:false}
name:900943faa2268fb239aae5c58d96692b info:&{Id:Noto Sans Cypriot Name:Noto Sans Cypriot Styles:[Regular] Monospace:false Show:false}
name:ad73ad247728ac73d5b08c4ae6fec81f info:&{Id:CESI_FS_GB2312 Name:CESI仿宋-GB2312 Styles:[Regular] Monospace:false Show:true}
name:057036b8d6fb828e5bb8103357354d78 info:&{Id:Noto Sans Phoenician Name:Noto Sans Phoenician Styles:[Regular] Monospace:false Show:false}
name:28a935127d9eb1a600d073cfc46144bc info:&{Id:Noto Sans Malayalam Name:Noto Sans Malayalam Styles:[Regular] Monospace:false Show:false}
name:bf49c2185995ec2007a7494de57169fb info:&{Id:Noto Sans Tamil Name:Noto Sans Tamil Styles:[Regular] Monospace:false Show:false}
name:91a7b967dc13455f9322d1803300eeb0 info:&{Id:Noto Sans Anatolian Hieroglyphs Name:Noto Sans Anatolian Hieroglyphs Styles:[Regular] Monospace:false Show:false}
name:ebdc16dfe305df581d0603c906b681c4 info:&{Id:Noto Sans Ol Chiki Name:Noto Sans Ol Chiki Styles:[Regular] Monospace:false Show:false}
name:c98eedd667246473c7c7abe6f4d1f257 info:&{Id:Noto Serif CJK KR Name:Noto Serif CJK KR Styles:[Bold] Monospace:false Show:true}
name:059c61e7d552c39daebe109e51a810cf info:&{Id:Noto Sans Tibetan Name:Noto Sans Tibetan Styles:[Bold] Monospace:false Show:false}
name:e5cfdfb42b9239d956fa0da96a740d12 info:&{Id:Noto Sans Mro Name:Noto Sans Mro Styles:[Regular] Monospace:false Show:false}
name:e5f5e948dbfa866f98b2ed64999cf274 info:&{Id:Noto Sans Devanagari Name:Noto Sans Devanagari Styles:[Regular] Monospace:false Show:false}
name:3d345ce303f0d29bc727f9b616757c70 info:&{Id:Unifont CSUR Name:Unifont CSUR Styles:[Medium] Monospace:false Show:false}
name:9153a1886d063f2b6283191911fb775d info:&{Id:Noto Sans Gothic Name:Noto Sans Gothic Styles:[Regular] Monospace:false Show:false}
name:a5f4ae35ef93cb3d576812a22ad831a1 info:&{Id:Noto Sans Caucasian Albanian Name:Noto Sans Caucasian Albanian Styles:[Regular] Monospace:false Show:false}
name:a95b1feae21c59666ab4b8c5cb8e5d87 info:&{Id:Noto Sans Sundanese Name:Noto Sans Sundanese Styles:[Regular] Monospace:false Show:false}
name:0642d85c19c2788c5b634636bef8f572 info:&{Id:Noto Sans Duployan Name:Noto Sans Duployan Styles:[Regular] Monospace:false Show:false}
name:378a786998f211220d88cc6c4f91e075 info:&{Id:Noto Sans Hatran Name:Noto Sans Hatran Styles:[Regular] Monospace:false Show:false}
name:a3a07c8ab0023f945509242e07634334 info:&{Id:Noto Sans Tifinagh Name:Noto Sans Tifinagh Styles:[Regular] Monospace:false Show:false}
name:69a8c3e448c626be5eabfc271a29244e info:&{Id:Source Han Sans SC Name:思源黑体 Styles:[Bold] Monospace:false Show:true}
name:12f8088cf1e456ee2018ddd85fceac5e info:&{Id:Noto Sans Tirhuta Name:Noto Sans Tirhuta Styles:[Regular] Monospace:false Show:false}
name:110ba817fb7bc0a442db37ec6a60d0a6 info:&{Id:Noto Sans Lepcha Name:Noto Sans Lepcha Styles:[Regular] Monospace:false Show:false}
name:32afa5822f28b5ea1a305db70a73a88f info:&{Id:Noto Mono Name:Noto Mono Styles:[Regular] Monospace:true Show:false}
name:ca5b1408b043c7da6abc34edb1865e82 info:&{Id:Noto Sans Arabic Name:Noto Sans Arabic Styles:[Bold] Monospace:false Show:false}
name:b9aa40793d9c160ba92fb80677b10967 info:&{Id:Noto Sans Brahmi Name:Noto Sans Brahmi Styles:[Regular] Monospace:false Show:false}
name:9ca89cb972f561709622aaba88efe1ae info:&{Id:Noto Sans Old Turkic Name:Noto Sans Old Turkic Styles:[Regular] Monospace:false Show:false}
name:51170904df0346a299805edb51969c04 info:&{Id:Source Serif 4 Name:Source Serif 4 Styles:[Bold] Monospace:false Show:false}
name:167f741d3efe20d1b046ae3e9e14a50f info:&{Id:Noto Sans Syriac Estrangela Name:Noto Sans Syriac Estrangela Styles:[Regular] Monospace:false Show:false}
name:4fe9983a7833422915caa96194658483 info:&{Id:Noto Sans Adlam Name:Noto Sans Adlam Styles:[Regular] Monospace:false Show:false}
name:74bf3c7c6ebc8903b150cf4eaac5839d info:&{Id:Noto Sans Meetei Mayek Name:Noto Sans Meetei Mayek Styles:[Regular] Monospace:false Show:false}
name:5074b595bddd0ef6006fb3374e1140c5 info:&{Id:Noto Sans Hebrew Name:Noto Sans Hebrew Styles:[Regular] Monospace:false Show:false}
name:ac1106cf40cb06ccfc5771bdf4809549 info:&{Id:Noto Sans Kayah Li Name:Noto Sans Kayah Li Styles:[Regular] Monospace:false Show:false}
name:bcb23217605928fea9d3968a194799ed info:&{Id:Noto Sans Cuneiform Name:Noto Sans Cuneiform Styles:[Regular] Monospace:false Show:false}
name:a88d8b1b2d500f466158985ad879f280 info:&{Id:FZXiaoBiaoSong-B05 Name:方正小标宋_GBK Styles:[Regular] Monospace:false Show:true}
name:2024bbdfe1c069d1558029ae166aedf2 info:&{Id:Noto Sans Mono CJK JP Name:Noto Sans Mono CJK JP Styles:[Bold Regular] Monospace:true Show:true}
name:01ace7aed9f535eddbe8c78152c00f7b info:&{Id:FZShuSong-Z01 Name:方正书宋_GBK Styles:[Regular] Monospace:false Show:true}
name:ce753b4ebfc36ddf8f36a4c841a35355 info:&{Id:Noto Sans Sinhala Name:Noto Sans Sinhala Styles:[Bold] Monospace:false Show:false}
name:90f5e541ad04be6599f27ffce4e57098 info:&{Id:Noto Sans Ogham Name:Noto Sans Ogham Styles:[Regular] Monospace:false Show:false}
name:acc5cdd6af06c5d3f6186238696c280c info:&{Id:Noto Sans Buhid Name:Noto Sans Buhid Styles:[Regular] Monospace:false Show:false}
name:c6c17990c6b332f2f360a814d332fe12 info:&{Id:Noto Sans Inscriptional Pahlavi Name:Noto Sans Inscriptional Pahlavi Styles:[Regular] Monospace:false Show:false}
name:99beeefedfc1b0bb016457b277ed6544 info:&{Id:Noto Sans Grantha Name:Noto Sans Grantha Styles:[Regular] Monospace:false Show:false}
name:076131c9b6df9eaa89fd9bde259f75de info:&{Id:Noto Music Name:Noto Music Styles:[Regular] Monospace:false Show:false}
name:e4568c4a246ba81b360ff3c3205b84dd info:&{Id:Noto Sans Mende Kikakui Name:Noto Sans Mende Kikakui Styles:[Regular] Monospace:false Show:false}
name:eee6dfb6187702d8c83dd5890aae0300 info:&{Id:CESI_KT_GB2312 Name:CESI楷体-GB2312 Styles:[Regular] Monospace:false Show:true}
name:8a09081e4fca25d2a0e1cc527a9b9804 info:&{Id:Noto Sans Armenian Name:Noto Sans Armenian Styles:[Regular] Monospace:false Show:false}
name:96c4d4b13a7d8b15be5cc03e668850bc info:&{Id:Noto Sans Psalter Pahlavi Name:Noto Sans Psalter Pahlavi Styles:[Regular] Monospace:false Show:false}
name:cdc427b93b3083d034ac63395c2d4b19 info:&{Id:Source Han Serif Name:Source Han Serif Styles:[Regular] Monospace:false Show:true}
name:5a912310666780976c279f87490df307 info:&{Id:Noto Sans Old South Arabian Name:Noto Sans Old South Arabian Styles:[Regular] Monospace:false Show:false}
name:2b74a8856f8847d3604b9f1b5522c3d0 info:&{Id:Noto Sans Takri Name:Noto Sans Takri Styles:[Regular] Monospace:false Show:false}
name:fa9b7440995639dbb89f15ac139adb4e info:&{Id:Source Han Sans Name:Source Han Sans Styles:[Bold] Monospace:false Show:true}
name:f3adf5c006ddcc4eab6665e19918d758 info:&{Id:Noto Sans CJK JP Name:Noto Sans CJK JP Styles:[Bold Regular] Monospace:false Show:true}
name:8a6da198a57acc5b691df9af7cdc49ba info:&{Id:Noto Sans Old Persian Name:Noto Sans Old Persian Styles:[Regular] Monospace:false Show:false}
name:ff0d92a0b8c66c8e95c2c1bd2fe0d361 info:&{Id:Noto Serif Tamil Slanted Name:Noto Serif Tamil Slanted Styles:[Regular] Monospace:false Show:false}
name:ed2c156c30846fbd46cd02504081a5ef info:&{Id:Noto Sans CJK KR Name:Noto Sans CJK KR Styles:[Bold Regular] Monospace:false Show:true}
name:2399175c9df4620ff9b49c22a4008e02 info:&{Id:CESI_XBS_GB18030 Name:CESI小标宋-GB18030 Styles:[Regular] Monospace:false Show:true}
name:c60d41a6aebce6fc806ab1f3270fbbcf info:&{Id:Noto Sans Gurmukhi Name:Noto Sans Gurmukhi Styles:[Regular] Monospace:false Show:false}
name:a57a8eccf8df7f68ab222c415c9a8fb7 info:&{Id:Noto Sans Khudawadi Name:Noto Sans Khudawadi Styles:[Regular] Monospace:false Show:false}
name:56b8710e191bbbc52e868ece241c9432 info:&{Id:Noto Sans Meroitic Name:Noto Sans Meroitic Styles:[Regular] Monospace:false Show:false}
name:0d0a298120667ab72e028679120d4fe2 info:&{Id:Bitstream Charter Name:Bitstream Charter Styles:[Regular] Monospace:false Show:false}
name:9b800e47fb953ac8b2cbe4ed3016581e info:&{Id:Noto Sans Avestan Name:Noto Sans Avestan Styles:[Regular] Monospace:false Show:false}
name:db1a1fe7f214a97403dd98ad5d51f6e7 info:&{Id:Noto Sans Canadian Aboriginal Name:Noto Sans Canadian Aboriginal Styles:[Regular] Monospace:false Show:false}
name:13b9e6f19e0114a1105c6063f2701849 info:&{Id:Noto Sans Pahawh Hmong Name:Noto Sans Pahawh Hmong Styles:[Regular] Monospace:false Show:false}
name:ade49c89206c7c7b12341235560d03aa info:&{Id:Noto Serif Telugu Name:Noto Serif Telugu Styles:[Regular] Monospace:false Show:false}
name:88a2100de1a9fc03104db699fa26d224 info:&{Id:Noto Sans Yi Name:Noto Sans Yi Styles:[Regular] Monospace:false Show:false}
name:1a7eb4bf847bb6eca415458604288705 info:&{Id:Noto Sans Carian Name:Noto Sans Carian Styles:[Regular] Monospace:false Show:false}
name:accc7edfadd6e07190ca53c8cf202804 info:&{Id:Noto Sans Tai Le Name:Noto Sans Tai Le Styles:[Regular] Monospace:false Show:false}
name:8814e87ee05556a2b56cd61876d8cbc4 info:&{Id:Noto Sans Ethiopic Name:Noto Sans Ethiopic Styles:[Bold] Monospace:false Show:false}
name:5ebd6a380f103d1746f8a644265a30af info:&{Id:Courier 10 Pitch Name:Courier 10 Pitch Styles:[Italic] Monospace:true Show:false}
name:bf222ecdf6aed0fd850c437636ddd98e info:&{Id:Noto Sans Georgian Name:Noto Sans Georgian Styles:[Bold] Monospace:false Show:false}
name:ad3631219113895c16ac3f0262274a33 info:&{Id:STXingkai Name:华文行楷 Styles:[Regular] Monospace:false Show:true}
name:181bac51e12eeff3d985bf30229cd238 info:&{Id:Noto Sans Cherokee Name:Noto Sans Cherokee Styles:[Regular] Monospace:false Show:false}
name:713f67289bc7096fa07962935d292c8c info:&{Id:CESI_SS_GB2312 Name:CESI宋体-GB2312 Styles:[Regular] Monospace:false Show:true}
name:b4e16d6d23d49434d9bb24a3867548d6 info:&{Id:DejaVu Math TeX Gyre Name:DejaVu Math TeX Gyre Styles:[Regular] Monospace:false Show:false}
name:64f6a0fb269ee4fb100aa6fe6e8381e8 info:&{Id:Noto Sans Marchen Name:Noto Sans Marchen Styles:[Regular] Monospace:false Show:false}
name:9df79c7b0ff537a03c4646eb51a92e55 info:&{Id:Noto Serif Devanagari Name:Noto Serif Devanagari Styles:[Regular] Monospace:false Show:false}
name:a2430553a6136dddab5e8a77c8113d9a info:&{Id:Noto Sans Old Permic Name:Noto Sans Old Permic Styles:[Regular] Monospace:false Show:false}
name:5aa7457a081e8f0f4aaa5bcc483cb3b3 info:&{Id:深度黑体 Name:深度黑体 Styles:[Regular] Monospace:false Show:true}
name:f6044a891edacd280a16a342ba5fbe4e info:&{Id:Noto Serif Tibetan Name:Noto Serif Tibetan Styles:[Regular] Monospace:false Show:false}
name:27f8c5bc839a7f6abcd90303004b208a info:&{Id:Unifont Upper Name:Unifont Upper Styles:[Medium] Monospace:false Show:false}
name:8673066ce48e73131d219da8dbc6f00a info:&{Id:Source Han Sans HW Name:Source Han Sans HW Styles:[Bold] Monospace:false Show:true}
name:a651e224257a5bebea1ab5c2685a63cf info:&{Id:Noto Sans Imperial Aramaic Name:Noto Sans Imperial Aramaic Styles:[Regular] Monospace:false Show:false}
name:1503f125571b2ead6d4a3fa68c554ff1 info:&{Id:Source Han Serif HC Name:思源宋體 香港 Styles:[Regular] Monospace:false Show:true}
name:147b0cd8bbd63adcb2a9fe9231bf2094 info:&{Id:CESI_KT_GB13000 Name:CESI楷体-GB13000 Styles:[Regular] Monospace:false Show:true}
name:0582d9ecdb90f5b6f43d924d2eada8e9 info:&{Id:Noto Sans Adlam Unjoined Name:Noto Sans Adlam Unjoined Styles:[Regular] Monospace:false Show:false}
name:3d749e25a5bbeb3b77503e542baf28c0 info:&{Id:Noto Sans Gujarati Name:Noto Sans Gujarati Styles:[Regular] Monospace:false Show:false}
name:6297705ee4757b2ed052da0d4d60e2ed info:&{Id:Noto Sans Telugu Name:Noto Sans Telugu Styles:[Bold] Monospace:false Show:false}
name:338bac3c49f47fceeb67db56722a371c info:&{Id:Noto Serif Kannada Name:Noto Serif Kannada Styles:[Regular] Monospace:false Show:false}
name:b0d685f93a44470517b20f35f6570ca4 info:&{Id:Noto Serif Khmer Name:Noto Serif Khmer Styles:[Regular] Monospace:false Show:false}
name:04745414eda7261e2fc127f2eee33544 info:&{Id:FZLiShu-S01 Name:方正隶书_GBK Styles:[Regular] Monospace:false Show:true}
name:6057c3fc1f059c2e196830f0f46b0370 info:&{Id:Source Han Sans K Name:Source Han Sans K Styles:[Regular] Monospace:false Show:true}
name:429abee2b53e671729175d47f8e9a986 info:&{Id:Noto Sans Nabataean Name:Noto Sans Nabataean Styles:[Regular] Monospace:false Show:false}
name:c4248e81b8e05e27dd99236517b7cef2 info:&{Id:Noto Sans Kaithi Name:Noto Sans Kaithi Styles:[Regular] Monospace:false Show:false}
name:a0b99ed92fc04d8b22da851246c290d7 info:&{Id:Noto Sans Thai Name:Noto Sans Thai Styles:[Bold] Monospace:false Show:false}
name:9a4de93e6b33c963817b3e70d819411b info:&{Id:Noto Sans Mono CJK TC Name:Noto Sans Mono CJK TC Styles:[Bold Regular] Monospace:true Show:true}
name:79d02085cc37dfd55cb3ac9044cfb117 info:&{Id:Noto Sans Ugaritic Name:Noto Sans Ugaritic Styles:[Regular] Monospace:false Show:false}
name:181bba74c6a09dd8a2653ea6a6ae4ad8 info:&{Id:Droid Sans Fallback Name:Droid Sans Fallback Styles:[Regular] Monospace:false Show:false}
name:4f119b1d106a86d03e20755bb5f9fc62 info:&{Id:Source Han Sans HW SC Name:思源黑体 HW Styles:[Bold] Monospace:false Show:true}
name:9bdb8400b6f5b49a7596cad144730729 info:&{Id:Noto Sans Bengali Name:Noto Sans Bengali Styles:[Bold] Monospace:false Show:false}
name:3950185b947f16f1e99e5fc867a4cfb1 info:&{Id:Noto Serif Sinhala Name:Noto Serif Sinhala Styles:[Bold] Monospace:false Show:false}
name:288933bfb8d8da09bc36acf93a962e17 info:&{Id:Noto Sans Old North Arabian Name:Noto Sans Old North Arabian Styles:[Regular] Monospace:false Show:false}
name:20bcc5cdf979a89ac24f1f4c5211a7cb info:&{Id:Noto Serif Bengali Name:Noto Serif Bengali Styles:[Regular] Monospace:false Show:false}
name:1bd2f608edcedd706dda4c764ce63b1e info:&{Id:Noto Sans PhagsPa Name:Noto Sans PhagsPa Styles:[Regular] Monospace:false Show:false}
name:71e246a946b577db2170ada8dbf6e35d info:&{Id:Noto Sans Lao Name:Noto Sans Lao Styles:[Bold] Monospace:false Show:false}
name:d146c4728e338812f6b4268d4f851444 info:&{Id:Noto Sans Mahajani Name:Noto Sans Mahajani Styles:[Regular] Monospace:false Show:false}
name:64c5efe8fa256ffc224cba2db0b8a139 info:&{Id:Noto Sans Manichaean Name:Noto Sans Manichaean Styles:[Regular] Monospace:false Show:false}
name:59bbbf8777feb42703dda6c1f56084ca info:&{Id:Noto Serif Thai Name:Noto Serif Thai Styles:[Bold] Monospace:false Show:false}
name:8dccbd1fe1ae2746c65a0ce3c1bcb875 info:&{Id:FZXiaoBiaoSong-B05S Name:方正小标宋简体 Styles:[Regular] Monospace:false Show:true}
name:87ced1b5260430795e89e213cb4817ef info:&{Id:Noto Serif Ahom Name:Noto Serif Ahom Styles:[Regular] Monospace:false Show:false}
name:4702017eebb827e6a35321cfd2ab71a3 info:&{Id:Noto Sans Hanunoo Name:Noto Sans Hanunoo Styles:[Regular] Monospace:false Show:false}
name:4824594ff77441c0fe4a87e21c70d9ef info:&{Id:Noto Sans Syriac Name:Noto Sans Syriac Styles:[Regular] Monospace:false Show:false}
name:4788abb4661ada884bacf848d170d787 info:&{Id:Noto Sans Display Name:Noto Sans Display Styles:[Bold] Monospace:false Show:false}
name:edf9d181de986fe81997933dd2102ef5 info:&{Id:Noto Sans Warang Citi Name:Noto Sans Warang Citi Styles:[Regular] Monospace:false Show:false}
name:fb6bd9e75e4874b0db860d359a5ac02b info:&{Id:Noto Sans Symbols Name:Noto Sans Symbols Styles:[Regular] Monospace:false Show:false}
name:e8629c9173bdac3e6925eea28e9f541d info:&{Id:Noto Sans Inscriptional Parthian Name:Noto Sans Inscriptional Parthian Styles:[Regular] Monospace:false Show:false}
name:c647ed2ebf87b2a86f063dc03149a1d7 info:&{Id:Noto Sans CJK TC Name:Noto Sans CJK TC Styles:[Bold Regular] Monospace:false Show:true}
name:8b2ce72152525655f5d2d1b2c63447aa info:&{Id:Noto Sans Tagalog Name:Noto Sans Tagalog Styles:[Regular] Monospace:false Show:false}
name:01179cf195d685adbe158a43815991be info:&{Id:Noto Serif Display Name:Noto Serif Display Styles:[Bold Italic] Monospace:false Show:false}
name:aa35e17d53b428e01f5d5e9d61b25d3e info:&{Id:CESI_XBS_GB2312 Name:CESI小标宋-GB2312 Styles:[Regular] Monospace:false Show:true}
name:dac4f9d9b7d00ce29ea420bce651ae5f info:&{Id:Noto Sans Coptic Name:Noto Sans Coptic Styles:[Regular] Monospace:false Show:false}
name:560a6af3ca9eed524280933b0c6f3ecb info:&{Id:DejaVu Sans Mono Name:DejaVu Sans Mono Styles:[Bold] Monospace:true Show:false}
name:fc24b975433cf0ae0db0414df44c8fbc info:&{Id:STXinwei Name:华文新魏 Styles:[Regular] Monospace:false Show:true}
name:778e08e3c543d2ebb7eaf8e5c978e72b info:&{Id:Noto Sans Lisu Name:Noto Sans Lisu Styles:[Regular] Monospace:false Show:false}
name:db59e6942921ec228b1ed3c552e33e14 info:&{Id:Noto Sans Myanmar Name:Noto Sans Myanmar Styles:[Bold] Monospace:false Show:false}
name:687c5a15b8b032aab4badf4ad05d4b4f info:&{Id:STZhongsong Name:华文中宋 Styles:[Regular] Monospace:false Show:true}
name:da6b38ba2a26c20a9933218a05fde7e0 info:&{Id:STKaiti Name:华文楷体 Styles:[Regular] Monospace:false Show:true}
name:de8c32320a49d40f76aa57e61ca8a6b1 info:&{Id:Noto Sans Mono CJK KR Name:Noto Sans Mono CJK KR Styles:[Bold Regular] Monospace:true Show:true}
name:6256c40037aefdfc29e1c5afa10e3efd info:&{Id:Noto Sans Glagolitic Name:Noto Sans Glagolitic Styles:[Regular] Monospace:false Show:false}
name:41b3bd45019c2239b9abd54faea1d7b1 info:&{Id:Noto Sans NKo Name:Noto Sans NKo Styles:[Regular] Monospace:false Show:false}
name:16c5ad06c77733cca01eafbf14f9b75d info:&{Id:Noto Serif CJK TC Name:Noto Serif CJK TC Styles:[Regular] Monospace:false Show:true}
name:05cf2da1db7dfd8bce9dfed8c10a8637 info:&{Id:Noto Serif Gujarati Name:Noto Serif Gujarati Styles:[Bold] Monospace:false Show:false}
name:3fa03c5a16891192696483c0b450cfbc info:&{Id:Noto Sans Lycian Name:Noto Sans Lycian Styles:[Regular] Monospace:false Show:false}
name:5572825ab58eb6fa608d034e99d0aee7 info:&{Id:Noto Sans Palmyrene Name:Noto Sans Palmyrene Styles:[Regular] Monospace:false Show:false}
name:2df0298223e0ec009c0f3c14ac2ad74b info:&{Id:Source Han Serif TC Name:Source Han Serif TC Styles:[Bold] Monospace:false Show:true}
name:20b6b324a8989fca51476649aeabfe72 info:&{Id:Noto Sans Tai Viet Name:Noto Sans Tai Viet Styles:[Regular] Monospace:false Show:false}
name:01007eda1885a5ca8060389afc75de28 info:&{Id:DejaVu Serif Name:DejaVu Serif Styles:[Bold] Monospace:false Show:false}
name:acc9437c85a3f74da968acc520b66736 info:&{Id:Source Code Pro Name:Source Code Pro Styles:[Regular] Monospace:true Show:false}
name:31301d4f913e34d82fcc55cc82ff2faf info:&{Id:Noto Sans Multani Name:Noto Sans Multani Styles:[Regular] Monospace:false Show:false}
name:af2a0102f0ed2dc09ba992436504b38c info:&{Id:Noto Serif Ethiopic Name:Noto Serif Ethiopic Styles:[Bold] Monospace:false Show:false}
name:c668c33f7dee4e45f5499360c715fb14 info:&{Id:Noto Sans Osmanya Name:Noto Sans Osmanya Styles:[Regular] Monospace:false Show:false}
name:d57d644fe7572ca8d1a253e65f5585d3 info:&{Id:Source Han Serif SC Name:思源宋体 Styles:[Bold] Monospace:false Show:true}
name:621fdac1be57d7a66eaf1d3902928c89 info:&{Id:Noto Sans Limbu Name:Noto Sans Limbu Styles:[Regular] Monospace:false Show:false}
name:7de76cf1826ee07cae3179675035189f info:&{Id:Noto Sans Buginese Name:Noto Sans Buginese Styles:[Regular] Monospace:false Show:false}
name:0caf535e710b7407c8e9cb9cc86c4ac5 info:&{Id:Noto Sans Newa Name:Noto Sans Newa Styles:[Regular] Monospace:false Show:false}
name:b91508d79dc5594fa3a342f30c6fe5a6 info:&{Id:Noto Kufi Arabic Name:Noto Kufi Arabic Styles:[Regular] Monospace:false Show:false}
name:4465436768500dcca29439dd54c8b1d4 info:&{Id:Noto Nastaliq Urdu Name:Noto Nastaliq Urdu Styles:[Regular] Monospace:false Show:false}
name:69e8963f7525545c4b2a3609d15948bf info:&{Id:Noto Sans Osage Name:Noto Sans Osage Styles:[Regular] Monospace:false Show:false}
name:1f1e107fb3fc1934be7239e0f8de5f8e info:&{Id:Noto Sans Tai Tham Name:Noto Sans Tai Tham Styles:[Regular] Monospace:false Show:false}
name:5e2ddf5dae043b19a98ca63ff1cf7e21 info:&{Id:Noto Sans Mongolian Name:Noto Sans Mongolian Styles:[Regular] Monospace:false Show:false}
name:d96a1822c6745ddd5e60fe82c7f68ddc info:&{Id:FZWeiBei-S03 Name:方正魏碑_GBK Styles:[Regular] Monospace:false Show:true}
name:0f17222914be1379ae8b5f7112e7f951 info:&{Id:Noto Sans Mono Name:Noto Sans Mono Styles:[Bold] Monospace:true Show:false}
name:c1a5bc14435589e0045be0fd9914b030 info:&{Id:CESI_SS_GB18030 Name:CESI宋体-GB18030 Styles:[Regular] Monospace:false Show:true}
name:fc10663441f50a0f7a841c706009a236 info:&{Id:Noto Sans Mandaic Name:Noto Sans Mandaic Styles:[Regular] Monospace:false Show:false}
name:b54fb11118ac23742a6ff20cfa4117cb info:&{Id:Noto Sans Saurashtra Name:Noto Sans Saurashtra Styles:[Regular] Monospace:false Show:false}
name:e614d5436507069fbba41a3b25facf01 info:&{Id:Source Serif 4 Subhead Name:Source Serif 4 Subhead Styles:[Regular] Monospace:false Show:false}
name:06188a3ea97b26f6d53cceb8ace4171d info:&{Id:CESI_FS_GB13000 Name:CESI仿宋-GB13000 Styles:[Regular] Monospace:false Show:true}
name:a96d8bd49c2b392f8b1ae9f92c780741 info:&{Id:Source Serif 4 SmText Name:Source Serif 4 SmText Styles:[Regular] Monospace:false Show:false}
name:27010cd2ea675f214c023c8386887d6b info:&{Id:Source Serif 4 Display Name:Source Serif 4 Display Styles:[Regular] Monospace:false Show:false}
name:4f96cc80dc5335e80ee770225d8997b8 info:&{Id:CESI_XBS_GB13000 Name:CESI小标宋-GB13000 Styles:[Regular] Monospace:false Show:true}
name:3bfb1c456d5a7089ba25f05cfcdcd3bf info:&{Id:Source Han Sans HC Name:思源黑體 香港 Styles:[Regular] Monospace:false Show:true}
name:8783b98432e4638a7897c49aa33fd54b info:&{Id:Noto Sans Samaritan Name:Noto Sans Samaritan Styles:[Regular] Monospace:false Show:false}
name:c2a7a62c569ad1d67d84baa5dab6b279 info:&{Id:Noto Sans Bhaiksuki Name:Noto Sans Bhaiksuki Styles:[Regular] Monospace:false Show:false}
name:8914892a3c29d8d868590910dc02daf8 info:&{Id:Noto Sans Name:Noto Sans Styles:[Italic] Monospace:false Show:false}
name:a5a7d2a3a1ee153c873d5597f8035ef7 info:&{Id:Noto Serif Georgian Name:Noto Serif Georgian Styles:[Bold] Monospace:false Show:false}
name:cc530560dba075a8b8b047cdcf0ea9b5 info:&{Id:FZFangSong-Z02 Name:方正仿宋_GBK Styles:[Regular] Monospace:false Show:true}
name:4ea18d1802182dec29a2890b3fe4ac49 info:&{Id:Noto Sans Mono CJK SC Name:Noto Sans Mono CJK SC Styles:[Bold Regular] Monospace:true Show:true}
name:c841d0dd346e217a39a07c835c50eea3 info:&{Id:Noto Serif Myanmar Name:Noto Serif Myanmar Styles:[Bold] Monospace:false Show:false}
name:60c87aff66a7b456c17e10dc31e011f4 info:&{Id:Noto Sans Linear B Name:Noto Sans Linear B Styles:[Regular] Monospace:false Show:false}
name:2539fc1be38c50a4dd57ca77d9886661 info:&{Id:Symbola Name:Symbola Styles:[Regular] Monospace:false Show:false}
name:2dc501f83de00996b4e9af235cdccf93 info:&{Id:Source Sans Pro Name:Source Sans Pro Styles:[Regular] Monospace:false Show:false}
name:083f95bf2b0cc6356b8903d6a5456fa9 info:&{Id:Noto Sans Miao Name:Noto Sans Miao Styles:[Regular] Monospace:false Show:false}
name:8bb774119068e41c3b6fe7a654f2928f info:&{Id:Noto Serif Lao Name:Noto Serif Lao Styles:[Regular] Monospace:false Show:false}
name:3969c52f336295262c9efa2fcd4602ab info:&{Id:Noto Sans Sora Sompeng Name:Noto Sans Sora Sompeng Styles:[Regular] Monospace:false Show:false}
name:c9cd08124816c2391e7ae5adfdb59a8d info:&{Id:CESI_HT_GB13000 Name:CESI黑体-GB13000 Styles:[Regular] Monospace:false Show:true}
name:ddfc48ce907c5a4870ba18c893c06d68 info:&{Id:Noto Serif Tamil Name:Noto Serif Tamil Styles:[Bold] Monospace:false Show:false}
name:8e584e70871a08d1d6c6a1e91b8e09a9 info:&{Id:Noto Sans Kannada Name:Noto Sans Kannada Styles:[Regular] Monospace:false Show:false}
name:ce6184ae25d518165d109e93d80c6324 info:&{Id:Source Emoji Name:Source Emoji Styles:[BnW Regular] Monospace:false Show:false}
name:b463300e6f32d97b2ef208613d4bf29a info:&{Id:Noto Sans New Tai Lue Name:Noto Sans New Tai Lue Styles:[Regular] Monospace:false Show:false}
name:9909c0a2bbb5c852feabaf1bc1678dff info:&{Id:Source Han Sans HW K Name:Source Han Sans HW K Styles:[Bold] Monospace:false Show:true}
name:34d4042af51348bf3192fd1cd785a829 info:&{Id:Noto Sans Egyptian Hieroglyphs Name:Noto Sans Egyptian Hieroglyphs Styles:[Regular] Monospace:false Show:false}
name:d84053d0562934ecf8af719423f65055 info:&{Id:FZKai-Z03 Name:方正楷体_GBK Styles:[Regular] Monospace:false Show:true}
name:1ecf4ab5a4ef42226a0280f23412ae52 info:&{Id:Noto Serif Balinese Name:Noto Serif Balinese Styles:[Regular] Monospace:false Show:false}
name:a06b4bb9f511e73ac932796ca1880113 info:&{Id:Noto Sans Modi Name:Noto Sans Modi Styles:[Regular] Monospace:false Show:false}
name:3a04228bd2afe0450d4ac26adf28007e info:&{Id:CESI_SS_GB13000 Name:CESI宋体-GB13000 Styles:[Regular] Monospace:false Show:true}
